e:\vs\folderwatcher_console\consoleapplication1\x64\release\vc143.pdb
e:\vs\folderwatcher_console\consoleapplication1\x64\release\loaddbclass.obj
e:\vs\folderwatcher_console\consoleapplication1\x64\release\displaypathinfoclass.obj
e:\vs\folderwatcher_console\consoleapplication1\x64\release\main.obj
e:\vs\folderwatcher_console\consoleapplication1\x64\release\tgclass.obj
e:\vs\folderwatcher_console\consoleapplication1\x64\release\translitclass.obj
e:\vs\folderwatcher_console\consoleapplication1\x64\release\replacelocalfilewithfilefromurlclass.obj
e:\vs\folderwatcher_console\consoleapplication1\x64\release\getfilesizefromurlclass.obj
e:\vs\folderwatcher_console\consoleapplication1\x64\release\getlocalfilesizeclass.obj
e:\vs\folderwatcher_console\x64\release\libcurl.dll
e:\vs\folderwatcher_console\x64\release\zlib1.dll
e:\vs\folderwatcher_console\x64\release\folderwatcherconsole.exe
e:\vs\folderwatcher_console\x64\release\folderwatcherconsole.pdb
e:\vs\folderwatcher_console\consoleapplication1\x64\release\folderwatcherconsole.ipdb
e:\vs\folderwatcher_console\consoleapplication1\x64\release\folderwatcherconsole.iobj
e:\vs\folderwatcher_console\consoleapplication1\x64\release\folderwa.fd7b0171.tlog\cl.command.1.tlog
e:\vs\folderwatcher_console\consoleapplication1\x64\release\folderwa.fd7b0171.tlog\cl.items.tlog
e:\vs\folderwatcher_console\consoleapplication1\x64\release\folderwa.fd7b0171.tlog\cl.read.1.tlog
e:\vs\folderwatcher_console\consoleapplication1\x64\release\folderwa.fd7b0171.tlog\cl.write.1.tlog
e:\vs\folderwatcher_console\consoleapplication1\x64\release\folderwa.fd7b0171.tlog\folderwatcherconsole.write.1u.tlog
e:\vs\folderwatcher_console\consoleapplication1\x64\release\folderwa.fd7b0171.tlog\link.command.1.tlog
e:\vs\folderwatcher_console\consoleapplication1\x64\release\folderwa.fd7b0171.tlog\link.read.1.tlog
e:\vs\folderwatcher_console\consoleapplication1\x64\release\folderwa.fd7b0171.tlog\link.secondary.1.tlog
e:\vs\folderwatcher_console\consoleapplication1\x64\release\folderwa.fd7b0171.tlog\link.write.1.tlog
