e:\vs\consoleapplication1\consoleapplication1\x64\debug\vc143.pdb
e:\vs\consoleapplication1\consoleapplication1\x64\debug\vc143.idb
e:\vs\consoleapplication1\consoleapplication1\x64\debug\mclass.obj
e:\vs\consoleapplication1\consoleapplication1\x64\debug\loaddbclass.obj
e:\vs\consoleapplication1\consoleapplication1\x64\debug\displaypathinfoclass.obj
e:\vs\consoleapplication1\consoleapplication1\x64\debug\wnd.obj
e:\vs\consoleapplication1\x64\debug\consoleapplication1.pdb
e:\vs\consoleapplication1\consoleapplication1\x64\debug\consolea.fd7b0171.tlog\cl.command.1.tlog
e:\vs\consoleapplication1\consoleapplication1\x64\debug\consolea.fd7b0171.tlog\cl.items.tlog
e:\vs\consoleapplication1\consoleapplication1\x64\debug\consolea.fd7b0171.tlog\cl.read.1.tlog
e:\vs\consoleapplication1\consoleapplication1\x64\debug\consolea.fd7b0171.tlog\cl.write.1.tlog
e:\vs\consoleapplication1\consoleapplication1\x64\debug\consolea.fd7b0171.tlog\link-cvtres.read.1.tlog
e:\vs\consoleapplication1\consoleapplication1\x64\debug\consolea.fd7b0171.tlog\link-cvtres.write.1.tlog
e:\vs\consoleapplication1\consoleapplication1\x64\debug\consolea.fd7b0171.tlog\link-rc.read.1.tlog
e:\vs\consoleapplication1\consoleapplication1\x64\debug\consolea.fd7b0171.tlog\link-rc.write.1.tlog
e:\vs\consoleapplication1\consoleapplication1\x64\debug\consolea.fd7b0171.tlog\link.3284-cvtres.read.1.tlog
e:\vs\consoleapplication1\consoleapplication1\x64\debug\consolea.fd7b0171.tlog\link.3284-cvtres.write.1.tlog
e:\vs\consoleapplication1\consoleapplication1\x64\debug\consolea.fd7b0171.tlog\link.3284-rc.read.1.tlog
e:\vs\consoleapplication1\consoleapplication1\x64\debug\consolea.fd7b0171.tlog\link.3284-rc.write.1.tlog
e:\vs\consoleapplication1\consoleapplication1\x64\debug\consolea.fd7b0171.tlog\link.3284.read.1.tlog
e:\vs\consoleapplication1\consoleapplication1\x64\debug\consolea.fd7b0171.tlog\link.3284.read.2.tlog
e:\vs\consoleapplication1\consoleapplication1\x64\debug\consolea.fd7b0171.tlog\link.3284.write.1.tlog
e:\vs\consoleapplication1\consoleapplication1\x64\debug\consolea.fd7b0171.tlog\link.command.1.tlog
e:\vs\consoleapplication1\consoleapplication1\x64\debug\consolea.fd7b0171.tlog\link.read.1.tlog
e:\vs\consoleapplication1\consoleapplication1\x64\debug\consolea.fd7b0171.tlog\link.read.2.tlog
e:\vs\consoleapplication1\consoleapplication1\x64\debug\consolea.fd7b0171.tlog\link.write.1.tlog
