e:\vs\wndwatcher рабочий старый\consoleapplication1\x64\debug\vc143.pdb
e:\vs\wndwatcher рабочий старый\consoleapplication1\x64\debug\vc143.idb
e:\vs\wndwatcher рабочий старый\consoleapplication1\x64\debug\loaddbclass.obj
e:\vs\wndwatcher рабочий старый\consoleapplication1\x64\debug\displaypathinfoclass.obj
e:\vs\wndwatcher рабочий старый\consoleapplication1\x64\debug\wndwatcherstarii.obj
e:\vs\wndwatcher рабочий старый\consoleapplication1\x64\debug\tgclass.obj
e:\vs\wndwatcher рабочий старый\consoleapplication1\x64\debug\translitclass.obj
e:\vs\wndwatcher рабочий старый\x64\debug\wndwatcherstarii.exe
e:\vs\wndwatcher рабочий старый\consoleapplication1\x64\debug\wndwatcherstarii.ilk
e:\vs\wndwatcher рабочий старый\x64\debug\wndwatcherstarii.pdb
e:\vs\wndwatcher рабочий старый\x64\debug\libcurl-d.dll
e:\vs\wndwatcher рабочий старый\x64\debug\zlibd1.dll
e:\vs\wndwatcher рабочий старый\consoleapplication1\x64\debug\wndwatcherstarii.tlog\cl.command.1.tlog
e:\vs\wndwatcher рабочий старый\consoleapplication1\x64\debug\wndwatcherstarii.tlog\cl.items.tlog
e:\vs\wndwatcher рабочий старый\consoleapplication1\x64\debug\wndwatcherstarii.tlog\cl.read.1.tlog
e:\vs\wndwatcher рабочий старый\consoleapplication1\x64\debug\wndwatcherstarii.tlog\cl.write.1.tlog
e:\vs\wndwatcher рабочий старый\consoleapplication1\x64\debug\wndwatcherstarii.tlog\link.command.1.tlog
e:\vs\wndwatcher рабочий старый\consoleapplication1\x64\debug\wndwatcherstarii.tlog\link.read.1.tlog
e:\vs\wndwatcher рабочий старый\consoleapplication1\x64\debug\wndwatcherstarii.tlog\link.write.1.tlog
e:\vs\wndwatcher рабочий старый\consoleapplication1\x64\debug\wndwatcherstarii.tlog\wndwatcherstarii.write.1u.tlog
